[2024-07-17 22:20:34.869] [info] [console_user_server] version 14.13.0
[2024-07-17 22:20:34.977] [info] [console_user_server] on_console_changed: on_console:true
[2024-07-17 22:20:34.978] [info] [console_user_server] grabber_client is started.
[2024-07-17 22:20:34.978] [error] [console_user_server] grabber_client connect_failed: No such file or directory
[2024-07-17 22:20:36.048] [error] [console_user_server] grabber_client connect_failed: No such file or directory
[2024-07-17 22:20:37.055] [error] [console_user_server] grabber_client connect_failed: No such file or directory
[2024-07-17 22:20:38.080] [error] [console_user_server] grabber_client connect_failed: No such file or directory
[2024-07-17 22:20:39.143] [error] [console_user_server] grabber_client connect_failed: No such file or directory
[2024-07-17 22:20:40.146] [error] [console_user_server] grabber_client connect_failed: No such file or directory
[2024-07-17 22:20:41.156] [error] [console_user_server] grabber_client connect_failed: No such file or directory
[2024-07-17 22:20:42.187] [error] [console_user_server] grabber_client connect_failed: No such file or directory
[2024-07-17 22:20:43.192] [error] [console_user_server] grabber_client connect_failed: No such file or directory
[2024-07-17 22:20:44.206] [error] [console_user_server] grabber_client connect_failed: No such file or directory
[2024-07-17 22:20:45.217] [error] [console_user_server] grabber_client connect_failed: No such file or directory
[2024-07-17 22:20:46.220] [error] [console_user_server] grabber_client connect_failed: No such file or directory
[2024-07-17 22:20:47.262] [error] [console_user_server] grabber_client connect_failed: No such file or directory
[2024-07-17 22:20:48.345] [error] [console_user_server] grabber_client connect_failed: No such file or directory
[2024-07-17 22:20:49.406] [info] [console_user_server] grabber_client is connected.
[2024-07-17 22:20:49.568] [info] [console_user_server] core_configuration is updated.
[2024-07-17 22:21:19.664] [info] [console_user_server] Check for updates...
[2024-07-17 22:21:24.169] [info] [console_user_server] Load /Users/jpporta/.config/karabiner/karabiner.json...
[2024-07-17 22:21:24.170] [info] [console_user_server] core_configuration is updated.
[2024-07-17 22:21:34.327] [info] [console_user_server] Load /Users/jpporta/.config/karabiner/karabiner.json...
[2024-07-17 22:21:34.330] [info] [console_user_server] core_configuration is updated.
[2024-07-18 09:53:59.022] [info] [console_user_server] version 14.13.0
[2024-07-18 09:54:09.326] [info] [console_user_server] on_console_changed: on_console:true
[2024-07-18 09:54:09.329] [info] [console_user_server] grabber_client is started.
[2024-07-18 09:54:09.329] [info] [console_user_server] grabber_client is connected.
[2024-07-18 09:54:09.474] [info] [console_user_server] Load /Users/jpporta/.config/karabiner/karabiner.json...
[2024-07-18 09:54:09.481] [info] [console_user_server] core_configuration is updated.
[2024-07-18 09:54:39.560] [info] [console_user_server] Check for updates...
